<?xml version="1.0" encoding="UTF-8"?>
<Site BuildName="Linux-g++"
	BuildStamp="20240328-0706-Experimental"
	Name="melodic"
	Generator="ctest-3.22.1"
	CompilerName="/usr/bin/g++"
	CompilerVersion=""
	OSName="Linux"
	Hostname="melodic"
	OSRelease="5.4.0-150-generic"
	OSVersion="#167~18.04.1-Ubuntu SMP Wed May 24 00:51:42 UTC 2023"
	OSPlatform="x86_64"
	Is64Bits="1"
	VendorString="AuthenticAMD"
	VendorID="Advanced Micro Devices"
	FamilyID="23"
	ModelID="104"
	ProcessorCacheSize="512"
	NumberOfLogicalCPU="8"
	NumberOfPhysicalCPU="8"
	TotalVirtualMemory="1897"
	TotalPhysicalMemory="3901"
	LogicalProcessorsPerPhysical="1"
	ProcessorClockFrequency="1796.62"
	>
	<Testing>
		<StartDateTime>Mar 28 15:06 CST</StartDateTime>
		<StartTestTime>1711609578</StartTestTime>
		<TestList/>
		<EndDateTime>Mar 28 15:06 CST</EndDateTime>
		<EndTestTime>1711609578</EndTestTime>
		<ElapsedMinutes>0</ElapsedMinutes>
	</Testing>
</Site>
